<?xml version="1.0" encoding="UTF-8"?>
<!-- Generated by org.testng.reporters.JUnitReportReporter -->
<testsuite hostname="Hari-Priya" failures="0" tests="1" name="vtigerFinalScripts.CreateContactWithOrgTest" time="30.523" errors="0" timestamp="2023-09-01T09:49:43 IST" skipped="0">
  <testcase classname="vtigerFinalScripts.CreateContactWithOrgTest" name="createContactWithOrgTest" time="30.523"/>
  <system-out/>
</testsuite> <!-- vtigerFinalScripts.CreateContactWithOrgTest -->
