<?xml version="1.0" encoding="UTF-8"?>
<!-- Generated by org.testng.reporters.JUnitReportReporter -->
<testsuite hostname="Hari-Priya" failures="0" tests="1" name="vtigerFinalScripts.CreateContactTest" time="19.779" errors="0" timestamp="2023-08-29T19:05:07 IST" skipped="0">
  <testcase classname="vtigerFinalScripts.CreateContactTest" name="createContactTest" time="19.779"/>
  <system-out/>
</testsuite> <!-- vtigerFinalScripts.CreateContactTest -->
